<?xml version="1.0" encoding="UTF-8"?>
<!-- Generated by org.testng.reporters.JUnitReportReporter -->
<testsuite hostname="USER" name="com.learntestng.AppTest" tests="1" failures="0" timestamp="9 Aug 2015 10:14:04 GMT" time="0.013" errors="0">
  <testcase name="sendMail" time="0.013" classname="com.learntestng.AppTest"/>
</testsuite>
